0	1	mikroCPIC1618.exe -MSF -DBG -pP16F877A -DL -O11111114 -fo4 -N"C:\Users\Ronilo\Downloads\Desktop\ECE Thesis\GSM Controller Lights\DazoGSM\DazoGSM.mcppi" -SP"C:\Users\Public\Documents\Mikroelektronika\mikroC PRO for PIC\defs\" -SP"C:\Users\Public\Documents\Mikroelektronika\mikroC PRO for PIC\Uses\P16\" -SP"C:\Users\Ronilo\Downloads\Desktop\ECE Thesis\GSM Controller Lights\DazoGSM\" -SP"C:\Users\Ronilo\Downloads\Desktop\DazoGSM\" "DazoGSM.c" "__Lib_Math.mcl" "__Lib_MathDouble.mcl" "__Lib_System.mcl" "__Lib_Delays.mcl" "__Lib_CType.mcl" "__Lib_CString.mcl" "__Lib_CStdlib.mcl" "__Lib_CMath.mcl" "__Lib_MemManager.mcl" "__Lib_Conversions.mcl" "__Lib_Sprinti.mcl" "__Lib_Sprintl.mcl" "__Lib_Time.mcl" "__Lib_Trigonometry.mcl" "__Lib_Button.mcl" "__Lib_Keypad4x4.mcl" "__Lib_Manchester.mcl" "__Lib_OneWire.mcl" "__Lib_PS2.mcl" "__Lib_Sound.mcl" "__Lib_SoftI2C.mcl" "__Lib_SoftSPI.mcl" "__Lib_SoftUART.mcl" "__Lib_ADC_A_C.mcl" "__Lib_EEPROM.mcl" "__Lib_FLASH_RW.mcl" "__Lib_I2C_c34.mcl" "__Lib_PWM_c21.mcl" "__Lib_SPI_c345.mcl" "__Lib_UART_c67.mcl" "__Lib_PortExpander.mcl" "__Lib_CANSPI.mcl" "__Lib_CF.mcl" "__Lib_GlcdFonts.mcl" "__Lib_Glcd.mcl" "__Lib_LcdConsts.mcl" "__Lib_Lcd.mcl" "__Lib_RS485.mcl" "__Lib_S1D13700.mcl" "__Lib_T6963C.mcl" "__Lib_SPIGlcd.mcl" "__Lib_SPILcd.mcl" "__Lib_SPILcd8.mcl" "__Lib_SPIT6963C.mcl" "__Lib_EthEnc28j60.mcl" "__Lib_EthEnc24j600.mcl" "__Lib_TouchPanel.mcl"	 
warning: 0	1501	Specified search path does not exist: 'C:\Users\Ronilo\Downloads\Desktop\DazoGSM'	 
hint: 0	1139	Available RAM: 352 [bytes], Available ROM: 8192 [bytes]	 
diagnostics: 0	126	All files Preprocessed in 31 ms	 
diagnostics: 0	122	Compilation Started	DazoGSM.c
warning: 76	1509	Generated baud rate is 9615 bps (error = 0.16 percent)	DazoGSM.c
hint: 83	1163	Variable 'in' has been declared, but not used	DazoGSM.c
hint: 84	1163	Variable 'i' has been declared, but not used	DazoGSM.c
diagnostics: 117	123	Compiled Successfully	DazoGSM.c
hint: 91	1164	Variable 'in' has been eliminated by optimizer	DazoGSM.c
diagnostics: 0	127	All files Compiled in 47 ms	 
warning: 0	1511	IRP bit must be set manually for indirect access to '?lstr6_DazoGSM' variable	DazoGSM.c
warning: 0	1511	IRP bit must be set manually for indirect access to '?lstr7_DazoGSM' variable	DazoGSM.c
warning: 0	1511	IRP bit must be set manually for indirect access to '?lstr8_DazoGSM' variable	DazoGSM.c
warning: 0	1511	IRP bit must be set manually for indirect access to '?lstr9_DazoGSM' variable	DazoGSM.c
warning: 0	1511	IRP bit must be set manually for indirect access to '?lstr10_DazoGSM' variable	DazoGSM.c
warning: 32	1511	IRP bit must be set manually for indirect access to 'inStr' variable	DazoGSM.c
warning: 0	1511	IRP bit must be set manually for indirect access to '?lstr13_DazoGSM' variable	DazoGSM.c
hint: 0	1144	Used RAM (bytes): 346 (98%)  Free RAM (bytes): 6 (2%)	Used RAM (bytes): 346 (98%)  Free RAM (bytes): 6 (2%)
hint: 0	1144	Used ROM (program words): 1031 (13%)  Free ROM (program words): 7161 (87%)	Used ROM (program words): 1031 (13%)  Free ROM (program words): 7161 (87%)
diagnostics: 0	125	Project Linked Successfully	DazoGSM.mcppi
diagnostics: 0	128	Linked in 140 ms	 
diagnostics: 0	129	Project 'DazoGSM.mcppi' completed: 343 ms	 
diagnostics: 0	103	Finished successfully: 02 Feb 2016, 02:41:55	DazoGSM.mcppi
