;  LST file generated by mikroListExporter - v.2.0 
; Date/Time: 2/4/2016 5:30:33 AM
;----------------------------------------------

;Address Opcode 	ASM
0x0000	0xF002EFD7  	GOTO        1454
0x0004	0x0000      	NOP
0x0006	0x0000      	NOP
0x0008	0xF000EF00  	GOTO        0
0x000C	0x0000      	NOP
0x000E	0x0000      	NOP
0x0010	0x0000      	NOP
0x0012	0x0000      	NOP
0x0014	0x0000      	NOP
0x0016	0x0000      	NOP
0x0018	0xD7F3      	BRA         0
_UART1_Tx_Idle:
;__Lib_UART_c67.c,52 :: 		
;__Lib_UART_c67.c,53 :: 		
0x001C	0x0E00      	MOVLW       0
0x001E	0xB2AC      	BTFSC       TXSTA, 1 
0x0020	0x0E01      	MOVLW       1
0x0022	0x6E00      	MOVWF       R0 
;__Lib_UART_c67.c,54 :: 		
L_end_UART1_Tx_Idle:
0x0024	0x0012      	RETURN      0
; end of _UART1_Tx_Idle
_UART1_Data_Ready:
;__Lib_UART_c67.c,34 :: 		
;__Lib_UART_c67.c,35 :: 		
0x0026	0x0E00      	MOVLW       0
0x0028	0xBA9E      	BTFSC       PIR1, 5 
0x002A	0x0E01      	MOVLW       1
0x002C	0x6E00      	MOVWF       R0 
;__Lib_UART_c67.c,36 :: 		
L_end_UART1_Data_Ready:
0x002E	0x0012      	RETURN      0
; end of _UART1_Data_Ready
_UART1_Read:
;__Lib_UART_c67.c,39 :: 		
;__Lib_UART_c67.c,42 :: 		
0x0030	0xF001CFAE  	MOVFF       RCREG, R1
;__Lib_UART_c67.c,43 :: 		
0x0034	0xA2AB      	BTFSS       RCSTA, 1 
0x0036	0xD002      	BRA         L_UART1_Read2
;__Lib_UART_c67.c,44 :: 		
0x0038	0x98AB      	BCF         RCSTA, 4 
;__Lib_UART_c67.c,45 :: 		
0x003A	0x88AB      	BSF         RCSTA, 4 
;__Lib_UART_c67.c,46 :: 		
L_UART1_Read2:
;__Lib_UART_c67.c,47 :: 		
0x003C	0xF000C001  	MOVFF       R1, R0
;__Lib_UART_c67.c,48 :: 		
L_end_UART1_Read:
0x0040	0x0012      	RETURN      0
; end of _UART1_Read
_____DoIFC:
;__Lib_System.c,93 :: 		
;__Lib_System.c,94 :: 		
0x0042	0x50F2      	MOVF        INTCON, 0, 0
;__Lib_System.c,95 :: 		
0x0044	0x6E02      	MOVWF       R2, 0
;__Lib_System.c,96 :: 		
0x0046	0x9EF2      	BCF         INTCON, 7 
;__Lib_System.c,97 :: 		
0x0048	0x0005      	PUSH
;__Lib_System.c,98 :: 		
0x004A	0x6AFF      	CLRF        TOSU, 0
;__Lib_System.c,99 :: 		
0x004C	0x5001      	MOVF        R1, 0, 0
;__Lib_System.c,100 :: 		
0x004E	0x6EFE      	MOVWF       TOSH, 0
;__Lib_System.c,101 :: 		
0x0050	0x5000      	MOVF        R0, 0, 0
;__Lib_System.c,102 :: 		
0x0052	0x6EFD      	MOVWF       TOSL, 0
;__Lib_System.c,103 :: 		
0x0054	0xBE02      	BTFSC       R2, 7, 0
;__Lib_System.c,104 :: 		
0x0056	0x8EF2      	BSF         INTCON, 7, 0
;__Lib_System.c,105 :: 		
;__Lib_System.c,107 :: 		
L_end_____DoIFC:
0x0058	0x0012      	RETURN      0
; end of _____DoIFC
_UART1_Write:
;__Lib_UART_c67.c,58 :: 		
;__Lib_UART_c67.c,59 :: 		
L_UART1_Write3:
0x005A	0xB2AC      	BTFSC       TXSTA, 1 
0x005C	0xD002      	BRA         L_UART1_Write4
;__Lib_UART_c67.c,60 :: 		
0x005E	0x0000      	NOP
0x0060	0xD7FC      	BRA         L_UART1_Write3
L_UART1_Write4:
;__Lib_UART_c67.c,61 :: 		
0x0062	0xFFADC1DA  	MOVFF       FARG_UART1_Write_data_, TXREG
;__Lib_UART_c67.c,62 :: 		
L_end_UART1_Write:
0x0066	0x0012      	RETURN      0
; end of _UART1_Write
_strchr:
;__Lib_CString.c,109 :: 		
;__Lib_CString.c,110 :: 		
L_strchr26:
;__Lib_CString.c,111 :: 		
0x0068	0xFFE9C1D5  	MOVFF       FARG_strchr_ptr, FSR0L
0x006C	0xFFEAC1D6  	MOVFF       FARG_strchr_ptr+1, FSR0H
0x0070	0x50EE      	MOVF        POSTINC0, 0 
0x0072	0x0101      	MOVLB       1
0x0074	0x19D7      	XORWF       FARG_strchr_chr, 0, 1
0x0076	0xE105      	BNZ         L_strchr29
;__Lib_CString.c,112 :: 		
0x0078	0xF000C1D5  	MOVFF       FARG_strchr_ptr, R0
0x007C	0xF001C1D6  	MOVFF       FARG_strchr_ptr+1, R1
0x0080	0xD010      	BRA         L_end_strchr
L_strchr29:
;__Lib_CString.c,113 :: 		
0x0082	0xF000C1D5  	MOVFF       FARG_strchr_ptr, R0
0x0086	0xF001C1D6  	MOVFF       FARG_strchr_ptr+1, R1
0x008A	0x4BD5      	INFSNZ      FARG_strchr_ptr, 1, 1
0x008C	0x2BD6      	INCF        FARG_strchr_ptr+1, 1, 1
0x008E	0xFFE9C000  	MOVFF       R0, FSR0L
0x0092	0xFFEAC001  	MOVFF       R1, FSR0H
0x0096	0xF000CFEE  	MOVFF       POSTINC0, R0
0x009A	0x5200      	MOVF        R0, 1 
0x009C	0xE1E5      	BNZ         L_strchr26
;__Lib_CString.c,115 :: 		
0x009E	0x6A00      	CLRF        R0 
0x00A0	0x6A01      	CLRF        R1 
;__Lib_CString.c,116 :: 		
L_end_strchr:
0x00A2	0x0012      	RETURN      0
; end of _strchr
_UART_Data_Ready:
;__Lib_UART_c67.c,138 :: 		
;__Lib_UART_c67.c,139 :: 		
0x00A4	0xF000C159  	MOVFF       _UART_Rdy_Ptr, R0
0x00A8	0xF001C15A  	MOVFF       _UART_Rdy_Ptr+1, R1
0x00AC	0xDFCA      	RCALL       _____DoIFC
;__Lib_UART_c67.c,140 :: 		
L_end_UART_Data_Ready:
0x00AE	0x0012      	RETURN      0
; end of _UART_Data_Ready
_strncmp:
;__Lib_CString.c,226 :: 		
;__Lib_CString.c,228 :: 		
L_strncmp58:
0x00B0	0xF000C1D9  	MOVFF       FARG_strncmp_len, R0
0x00B4	0x0101      	MOVLB       1
0x00B6	0x07D9      	DECF        FARG_strncmp_len, 1, 1
0x00B8	0x5200      	MOVF        R0, 1 
0x00BA	0xE02B      	BZ          L_strncmp59
;__Lib_CString.c,229 :: 		
0x00BC	0xFFE9C1D5  	MOVFF       FARG_strncmp_s1, FSR0L
0x00C0	0xFFEAC1D6  	MOVFF       FARG_strncmp_s1+1, FSR0H
0x00C4	0x50EE      	MOVF        POSTINC0, 0 
0x00C6	0x0A00      	XORLW       0
0x00C8	0xE00E      	BZ          L__strncmp85
0x00CA	0xFFE9C1D7  	MOVFF       FARG_strncmp_s2, FSR0L
0x00CE	0xFFEAC1D8  	MOVFF       FARG_strncmp_s2+1, FSR0H
0x00D2	0xF001CFEE  	MOVFF       POSTINC0, R1
0x00D6	0xFFE9C1D5  	MOVFF       FARG_strncmp_s1, FSR0L
0x00DA	0xFFEAC1D6  	MOVFF       FARG_strncmp_s1+1, FSR0H
0x00DE	0x50EE      	MOVF        POSTINC0, 0 
0x00E0	0x1801      	XORWF       R1, 0 
0x00E2	0xE101      	BNZ         L__strncmp85
0x00E4	0xD010      	BRA         L_strncmp62
L__strncmp85:
;__Lib_CString.c,230 :: 		
0x00E6	0xFFE9C1D5  	MOVFF       FARG_strncmp_s1, FSR0L
0x00EA	0xFFEAC1D6  	MOVFF       FARG_strncmp_s1+1, FSR0H
0x00EE	0xF000CFEE  	MOVFF       POSTINC0, R0
0x00F2	0xFFD9C1D7  	MOVFF       FARG_strncmp_s2, FSR2L
0x00F6	0xFFDAC1D8  	MOVFF       FARG_strncmp_s2+1, FSR2H
0x00FA	0x50DE      	MOVF        POSTINC2, 0 
0x00FC	0x5E00      	SUBWF       R0, 1 
0x00FE	0x6A01      	CLRF        R1 
0x0100	0x0E00      	MOVLW       0
0x0102	0x5A01      	SUBWFB      R1, 1 
0x0104	0xD008      	BRA         L_end_strncmp
L_strncmp62:
0x0106	0x0101      	MOVLB       1
;__Lib_CString.c,231 :: 		
0x0108	0x4BD5      	INFSNZ      FARG_strncmp_s1, 1, 1
0x010A	0x2BD6      	INCF        FARG_strncmp_s1+1, 1, 1
;__Lib_CString.c,232 :: 		
0x010C	0x4BD7      	INFSNZ      FARG_strncmp_s2, 1, 1
0x010E	0x2BD8      	INCF        FARG_strncmp_s2+1, 1, 1
;__Lib_CString.c,233 :: 		
0x0110	0xD7CF      	BRA         L_strncmp58
L_strncmp59:
;__Lib_CString.c,234 :: 		
0x0112	0x6A00      	CLRF        R0 
0x0114	0x6A01      	CLRF        R1 
;__Lib_CString.c,235 :: 		
L_end_strncmp:
0x0116	0x0012      	RETURN      0
; end of _strncmp
_UART_Read:
;__Lib_UART_c67.c,134 :: 		
;__Lib_UART_c67.c,135 :: 		
0x0118	0xF000C14D  	MOVFF       _UART_Rd_Ptr, R0
0x011C	0xF001C14E  	MOVFF       _UART_Rd_Ptr+1, R1
0x0120	0xDF90      	RCALL       _____DoIFC
;__Lib_UART_c67.c,136 :: 		
L_end_UART_Read:
0x0122	0x0012      	RETURN      0
; end of _UART_Read
_strlen:
;__Lib_CString.c,143 :: 		
;__Lib_CString.c,146 :: 		
0x0124	0xF002C1D5  	MOVFF       FARG_strlen_s, R2
0x0128	0xF003C1D6  	MOVFF       FARG_strlen_s+1, R3
;__Lib_CString.c,147 :: 		
L_strlen36:
0x012C	0xF000C002  	MOVFF       R2, R0
0x0130	0xF001C003  	MOVFF       R3, R1
0x0134	0x4A02      	INFSNZ      R2, 1 
0x0136	0x2A03      	INCF        R3, 1 
0x0138	0xFFE9C000  	MOVFF       R0, FSR0L
0x013C	0xFFEAC001  	MOVFF       R1, FSR0H
0x0140	0x52EE      	MOVF        POSTINC0, 1 
0x0142	0xE001      	BZ          L_strlen37
;__Lib_CString.c,148 :: 		
0x0144	0xD7F3      	BRA         L_strlen36
L_strlen37:
;__Lib_CString.c,149 :: 		
0x0146	0x0101      	MOVLB       1
0x0148	0x51D5      	MOVF        FARG_strlen_s, 0, 1
0x014A	0x5C02      	SUBWF       R2, 0 
0x014C	0x6E00      	MOVWF       R0 
0x014E	0x51D6      	MOVF        FARG_strlen_s+1, 0, 1
0x0150	0x5803      	SUBWFB      R3, 0 
0x0152	0x6E01      	MOVWF       R1 
0x0154	0x0E01      	MOVLW       1
0x0156	0x5E00      	SUBWF       R0, 1 
0x0158	0x0E00      	MOVLW       0
0x015A	0x5A01      	SUBWFB      R1, 1 
;__Lib_CString.c,150 :: 		
L_end_strlen:
0x015C	0x0012      	RETURN      0
; end of _strlen
_UART1_Write_Text:
;__Lib_UART_c67.c,66 :: 		
;__Lib_UART_c67.c,67 :: 		
0x015E	0x0101      	MOVLB       1
0x0160	0x6BD8      	CLRF        UART1_Write_Text_counter_L0, 1
;__Lib_UART_c67.c,69 :: 		
0x0162	0xFFE9C1D5  	MOVFF       FARG_UART1_Write_Text_uart_text, FSR0L
0x0166	0xFFEAC1D6  	MOVFF       FARG_UART1_Write_Text_uart_text+1, FSR0H
0x016A	0xF1D7CFEE  	MOVFF       POSTINC0, UART1_Write_Text_data__L0
;__Lib_UART_c67.c,70 :: 		
L_UART1_Write_Text5:
0x016E	0x51D7      	MOVF        UART1_Write_Text_data__L0, 0, 1
0x0170	0x0A00      	XORLW       0
0x0172	0xE00E      	BZ          L_UART1_Write_Text6
;__Lib_UART_c67.c,71 :: 		
0x0174	0xF1DAC1D7  	MOVFF       UART1_Write_Text_data__L0, FARG_UART1_Write_data_
0x0178	0xDF70      	RCALL       _UART1_Write
;__Lib_UART_c67.c,72 :: 		
0x017A	0x0101      	MOVLB       1
0x017C	0x2BD8      	INCF        UART1_Write_Text_counter_L0, 1, 1
;__Lib_UART_c67.c,73 :: 		
0x017E	0x51D8      	MOVF        UART1_Write_Text_counter_L0, 0, 1
0x0180	0x25D5      	ADDWF       FARG_UART1_Write_Text_uart_text, 0, 1
0x0182	0x6EE9      	MOVWF       FSR0L 
0x0184	0x0E00      	MOVLW       0
0x0186	0x21D6      	ADDWFC      FARG_UART1_Write_Text_uart_text+1, 0, 1
0x0188	0x6EEA      	MOVWF       FSR0H 
0x018A	0xF1D7CFEE  	MOVFF       POSTINC0, UART1_Write_Text_data__L0
;__Lib_UART_c67.c,74 :: 		
0x018E	0xD7EF      	BRA         L_UART1_Write_Text5
L_UART1_Write_Text6:
;__Lib_UART_c67.c,75 :: 		
L_end_UART1_Write_Text:
0x0190	0x0012      	RETURN      0
; end of _UART1_Write_Text
_UART1_Init:
;__Lib_UART_c67.c,15 :: 		
;__Lib_UART_c67.c,18 :: 		
0x0192	0x0E5A      	MOVLW       _UART1_Write
0x0194	0x0101      	MOVLB       1
0x0196	0x6F51      	MOVWF       _UART_Wr_Ptr, 1
0x0198	0x0E00      	MOVLW       hi_addr(_UART1_Write)
0x019A	0x6F52      	MOVWF       _UART_Wr_Ptr+1, 1
0x019C	0x0EDA      	MOVLW       FARG_UART1_Write_data_
0x019E	0x6F53      	MOVWF       _UART_Wr_Ptr+2, 1
0x01A0	0x0E01      	MOVLW       hi_addr(FARG_UART1_Write_data_)
0x01A2	0x6F54      	MOVWF       _UART_Wr_Ptr+3, 1
;__Lib_UART_c67.c,19 :: 		
0x01A4	0x0E30      	MOVLW       _UART1_Read
0x01A6	0x6F4D      	MOVWF       _UART_Rd_Ptr, 1
0x01A8	0x0E00      	MOVLW       hi_addr(_UART1_Read)
0x01AA	0x6F4E      	MOVWF       _UART_Rd_Ptr+1, 1
0x01AC	0x0E00      	MOVLW       0
0x01AE	0x6F4F      	MOVWF       _UART_Rd_Ptr+2, 1
0x01B0	0x0E00      	MOVLW       0
0x01B2	0x6F50      	MOVWF       _UART_Rd_Ptr+3, 1
;__Lib_UART_c67.c,20 :: 		
0x01B4	0x0E26      	MOVLW       _UART1_Data_Ready
0x01B6	0x6F59      	MOVWF       _UART_Rdy_Ptr, 1
0x01B8	0x0E00      	MOVLW       hi_addr(_UART1_Data_Ready)
0x01BA	0x6F5A      	MOVWF       _UART_Rdy_Ptr+1, 1
0x01BC	0x0E00      	MOVLW       0
0x01BE	0x6F5B      	MOVWF       _UART_Rdy_Ptr+2, 1
0x01C0	0x0E00      	MOVLW       0
0x01C2	0x6F5C      	MOVWF       _UART_Rdy_Ptr+3, 1
;__Lib_UART_c67.c,21 :: 		
0x01C4	0x0E1C      	MOVLW       _UART1_Tx_Idle
0x01C6	0x6F55      	MOVWF       _UART_Tx_Idle_Ptr, 1
0x01C8	0x0E00      	MOVLW       hi_addr(_UART1_Tx_Idle)
0x01CA	0x6F56      	MOVWF       _UART_Tx_Idle_Ptr+1, 1
0x01CC	0x0E00      	MOVLW       0
0x01CE	0x6F57      	MOVWF       _UART_Tx_Idle_Ptr+2, 1
0x01D0	0x0E00      	MOVLW       0
0x01D2	0x6F58      	MOVWF       _UART_Tx_Idle_Ptr+3, 1
;__Lib_UART_c67.c,23 :: 		
0x01D4	0x8AAC      	BSF         TXSTA, 5 
;__Lib_UART_c67.c,24 :: 		
0x01D6	0x0E90      	MOVLW       144
0x01D8	0x6EAB      	MOVWF       RCSTA 
;__Lib_UART_c67.c,25 :: 		
0x01DA	0x8E94      	BSF         TRISC7_bit, 7 
;__Lib_UART_c67.c,26 :: 		
0x01DC	0x9C94      	BCF         TRISC6_bit, 6 
;__Lib_UART_c67.c,28 :: 		
L_UART1_Init0:
0x01DE	0xAA9E      	BTFSS       PIR1, 5 
0x01E0	0xD003      	BRA         L_UART1_Init1
;__Lib_UART_c67.c,29 :: 		
0x01E2	0xF000CFAE  	MOVFF       RCREG, R0
0x01E6	0xD7FB      	BRA         L_UART1_Init0
L_UART1_Init1:
;__Lib_UART_c67.c,30 :: 		
L_end_UART1_Init:
0x01E8	0x0012      	RETURN      0
; end of _UART1_Init
_sendATCommand:
;DazoGSM.c,86 :: 		void sendATCommand(char *cmd){
;DazoGSM.c,89 :: 		UART1_Write_Text(cmd);
0x01EA	0xF1D5C1CD  	MOVFF       FARG_sendATCommand_cmd, FARG_UART1_Write_Text_uart_text
0x01EE	0xF1D6C1CE  	MOVFF       FARG_sendATCommand_cmd+1, FARG_UART1_Write_Text_uart_text+1
0x01F2	0xDFB5      	RCALL       _UART1_Write_Text
;DazoGSM.c,90 :: 		Delay_ms(500);
0x01F4	0x0E03      	MOVLW       3
0x01F6	0x6E0B      	MOVWF       R11, 0
0x01F8	0x0E8A      	MOVLW       138
0x01FA	0x6E0C      	MOVWF       R12, 0
0x01FC	0x0E55      	MOVLW       85
0x01FE	0x6E0D      	MOVWF       R13, 0
L_sendATCommand20:
0x0200	0x2E0D      	DECFSZ      R13, 1, 0
0x0202	0xD7FE      	BRA         L_sendATCommand20
0x0204	0x2E0C      	DECFSZ      R12, 1, 0
0x0206	0xD7FC      	BRA         L_sendATCommand20
0x0208	0x2E0B      	DECFSZ      R11, 1, 0
0x020A	0xD7FA      	BRA         L_sendATCommand20
0x020C	0x0000      	NOP
0x020E	0x0000      	NOP
;DazoGSM.c,91 :: 		}
L_end_sendATCommand:
0x0210	0x0012      	RETURN      0
; end of _sendATCommand
_sendSMS:
;DazoGSM.c,94 :: 		void sendSMS(char *msg){
;DazoGSM.c,97 :: 		UART1_Write_Text("AT+CMGS=\"");
0x0212	0x0EF5      	MOVLW       ?lstr17_DazoGSM
0x0214	0x0101      	MOVLB       1
0x0216	0x6FD5      	MOVWF       FARG_UART1_Write_Text_uart_text, 1
0x0218	0x0E00      	MOVLW       hi_addr(?lstr17_DazoGSM)
0x021A	0x6FD6      	MOVWF       FARG_UART1_Write_Text_uart_text+1, 1
0x021C	0xDFA0      	RCALL       _UART1_Write_Text
;DazoGSM.c,98 :: 		for(i=0; i < 11; i++)
0x021E	0x6BCF      	CLRF        sendSMS_i_L0, 1
0x0220	0x6BD0      	CLRF        sendSMS_i_L0+1, 1
L_sendSMS21:
0x0222	0x0E80      	MOVLW       128
0x0224	0x19D0      	XORWF       sendSMS_i_L0+1, 0, 1
0x0226	0x6E00      	MOVWF       R0 
0x0228	0x0E80      	MOVLW       128
0x022A	0x5C00      	SUBWF       R0, 0 
0x022C	0xE102      	BNZ         L__sendSMS46
0x022E	0x0E0B      	MOVLW       11
0x0230	0x5DCF      	SUBWF       sendSMS_i_L0, 0, 1
L__sendSMS46:
0x0232	0xE218      	BC          L_sendSMS22
;DazoGSM.c,99 :: 		UART1_Write(*(recepientNumber+i));
0x0234	0x51CF      	MOVF        sendSMS_i_L0, 0, 1
0x0236	0x0100      	MOVLB       0
0x0238	0x25F2      	ADDWF       _recepientNumber, 0, 1
0x023A	0x6EF6      	MOVWF       4086 
0x023C	0x0101      	MOVLB       1
0x023E	0x51D0      	MOVF        sendSMS_i_L0+1, 0, 1
0x0240	0x0100      	MOVLB       0
0x0242	0x21F3      	ADDWFC      _recepientNumber+1, 0, 1
0x0244	0x6EF7      	MOVWF       TBLPTRH 
0x0246	0x0E00      	MOVLW       0
0x0248	0x0101      	MOVLB       1
0x024A	0xBFD0      	BTFSC       sendSMS_i_L0+1, 7, 1
0x024C	0x0EFF      	MOVLW       255
0x024E	0x0100      	MOVLB       0
0x0250	0x21F4      	ADDWFC      _recepientNumber+2, 0, 1
0x0252	0x6EF8      	MOVWF       TBLPTRU 
0x0254	0x0009      	TBLRD*+
0x0256	0xF1DACFF5  	MOVFF       TABLAT, FARG_UART1_Write_data_
0x025A	0xDEFF      	RCALL       _UART1_Write
;DazoGSM.c,98 :: 		for(i=0; i < 11; i++)
0x025C	0x0101      	MOVLB       1
0x025E	0x4BCF      	INFSNZ      sendSMS_i_L0, 1, 1
0x0260	0x2BD0      	INCF        sendSMS_i_L0+1, 1, 1
;DazoGSM.c,99 :: 		UART1_Write(*(recepientNumber+i));
0x0262	0xD7DF      	BRA         L_sendSMS21
L_sendSMS22:
;DazoGSM.c,100 :: 		UART1_Write_Text("\"\r\n");
0x0264	0x0EC9      	MOVLW       ?lstr18_DazoGSM
0x0266	0x6FD5      	MOVWF       FARG_UART1_Write_Text_uart_text, 1
0x0268	0x0E00      	MOVLW       hi_addr(?lstr18_DazoGSM)
0x026A	0x6FD6      	MOVWF       FARG_UART1_Write_Text_uart_text+1, 1
0x026C	0xDF78      	RCALL       _UART1_Write_Text
;DazoGSM.c,101 :: 		Delay_ms(1000);
0x026E	0x0E06      	MOVLW       6
0x0270	0x6E0B      	MOVWF       R11, 0
0x0272	0x0E13      	MOVLW       19
0x0274	0x6E0C      	MOVWF       R12, 0
0x0276	0x0EAD      	MOVLW       173
0x0278	0x6E0D      	MOVWF       R13, 0
L_sendSMS24:
0x027A	0x2E0D      	DECFSZ      R13, 1, 0
0x027C	0xD7FE      	BRA         L_sendSMS24
0x027E	0x2E0C      	DECFSZ      R12, 1, 0
0x0280	0xD7FC      	BRA         L_sendSMS24
0x0282	0x2E0B      	DECFSZ      R11, 1, 0
0x0284	0xD7FA      	BRA         L_sendSMS24
0x0286	0x0000      	NOP
0x0288	0x0000      	NOP
;DazoGSM.c,102 :: 		if(UART1_Data_Ready()){
0x028A	0xDECD      	RCALL       _UART1_Data_Ready
0x028C	0x5200      	MOVF        R0, 1 
0x028E	0xE00A      	BZ          L_sendSMS25
;DazoGSM.c,103 :: 		for(i=0; UART1_Data_Ready(); i++){
0x0290	0x6BCF      	CLRF        sendSMS_i_L0, 1
0x0292	0x6BD0      	CLRF        sendSMS_i_L0+1, 1
L_sendSMS26:
0x0294	0xDEC8      	RCALL       _UART1_Data_Ready
0x0296	0x5200      	MOVF        R0, 1 
0x0298	0xE005      	BZ          L_sendSMS27
;DazoGSM.c,104 :: 		in = UART1_Read();
0x029A	0xDECA      	RCALL       _UART1_Read
;DazoGSM.c,103 :: 		for(i=0; UART1_Data_Ready(); i++){
0x029C	0x0101      	MOVLB       1
0x029E	0x4BCF      	INFSNZ      sendSMS_i_L0, 1, 1
0x02A0	0x2BD0      	INCF        sendSMS_i_L0+1, 1, 1
;DazoGSM.c,105 :: 		}
0x02A2	0xD7F8      	BRA         L_sendSMS26
L_sendSMS27:
;DazoGSM.c,106 :: 		}
L_sendSMS25:
;DazoGSM.c,107 :: 		UART1_Write_Text(msg);
0x02A4	0xF1D5C1CD  	MOVFF       FARG_sendSMS_msg, FARG_UART1_Write_Text_uart_text
0x02A8	0xF1D6C1CE  	MOVFF       FARG_sendSMS_msg+1, FARG_UART1_Write_Text_uart_text+1
0x02AC	0xDF58      	RCALL       _UART1_Write_Text
;DazoGSM.c,108 :: 		Delay_ms(1000);
0x02AE	0x0E06      	MOVLW       6
0x02B0	0x6E0B      	MOVWF       R11, 0
0x02B2	0x0E13      	MOVLW       19
0x02B4	0x6E0C      	MOVWF       R12, 0
0x02B6	0x0EAD      	MOVLW       173
0x02B8	0x6E0D      	MOVWF       R13, 0
L_sendSMS29:
0x02BA	0x2E0D      	DECFSZ      R13, 1, 0
0x02BC	0xD7FE      	BRA         L_sendSMS29
0x02BE	0x2E0C      	DECFSZ      R12, 1, 0
0x02C0	0xD7FC      	BRA         L_sendSMS29
0x02C2	0x2E0B      	DECFSZ      R11, 1, 0
0x02C4	0xD7FA      	BRA         L_sendSMS29
0x02C6	0x0000      	NOP
0x02C8	0x0000      	NOP
;DazoGSM.c,109 :: 		UART1_Write(26);
0x02CA	0x0E1A      	MOVLW       26
0x02CC	0x6FDA      	MOVWF       FARG_UART1_Write_data_, 1
0x02CE	0xDEC5      	RCALL       _UART1_Write
;DazoGSM.c,110 :: 		Delay_ms(500);
0x02D0	0x0E03      	MOVLW       3
0x02D2	0x6E0B      	MOVWF       R11, 0
0x02D4	0x0E8A      	MOVLW       138
0x02D6	0x6E0C      	MOVWF       R12, 0
0x02D8	0x0E55      	MOVLW       85
0x02DA	0x6E0D      	MOVWF       R13, 0
L_sendSMS30:
0x02DC	0x2E0D      	DECFSZ      R13, 1, 0
0x02DE	0xD7FE      	BRA         L_sendSMS30
0x02E0	0x2E0C      	DECFSZ      R12, 1, 0
0x02E2	0xD7FC      	BRA         L_sendSMS30
0x02E4	0x2E0B      	DECFSZ      R11, 1, 0
0x02E6	0xD7FA      	BRA         L_sendSMS30
0x02E8	0x0000      	NOP
0x02EA	0x0000      	NOP
;DazoGSM.c,111 :: 		}
L_end_sendSMS:
0x02EC	0x0012      	RETURN      0
; end of _sendSMS
_UART_Read_Text:
;__Lib_UART_c67.c,143 :: 		
;__Lib_UART_c67.c,144 :: 		
0x02EE	0x0101      	MOVLB       1
0x02F0	0x6BD3      	CLRF        UART_Read_Text_out_idx_L0, 1
0x02F2	0x6BD4      	CLRF        UART_Read_Text_delim_idx_L0, 1
;__Lib_UART_c67.c,146 :: 		
L_UART_Read_Text18:
0x02F4	0x53D1      	MOVF        FARG_UART_Read_Text_Attempts, 1, 1
0x02F6	0xE042      	BZ          L_UART_Read_Text19
;__Lib_UART_c67.c,148 :: 		
0x02F8	0x51D1      	MOVF        FARG_UART_Read_Text_Attempts, 0, 1
0x02FA	0x0AFF      	XORLW       255
0x02FC	0xA4D8      	BTFSS       STATUS, 2 
;__Lib_UART_c67.c,149 :: 		
0x02FE	0x07D1      	DECF        FARG_UART_Read_Text_Attempts, 1, 1
L_UART_Read_Text20:
;__Lib_UART_c67.c,151 :: 		
L_UART_Read_Text21:
0x0300	0xDED1      	RCALL       _UART_Data_Ready
0x0302	0x5000      	MOVF        R0, 0 
0x0304	0x0A00      	XORLW       0
0x0306	0xE101      	BNZ         L_UART_Read_Text22
;__Lib_UART_c67.c,152 :: 		
0x0308	0xD7FB      	BRA         L_UART_Read_Text21
L_UART_Read_Text22:
;__Lib_UART_c67.c,154 :: 		
0x030A	0xDF06      	RCALL       _UART_Read
0x030C	0xF1D2C000  	MOVFF       R0, UART_Read_Text_r_data_L0
;__Lib_UART_c67.c,155 :: 		
0x0310	0x0101      	MOVLB       1
0x0312	0x51D3      	MOVF        UART_Read_Text_out_idx_L0, 0, 1
0x0314	0x25CD      	ADDWF       FARG_UART_Read_Text_Output, 0, 1
0x0316	0x6EE1      	MOVWF       FSR1L 
0x0318	0x0E00      	MOVLW       0
0x031A	0x21CE      	ADDWFC      FARG_UART_Read_Text_Output+1, 0, 1
0x031C	0x6EE2      	MOVWF       FSR1H 
0x031E	0xFFE6C000  	MOVFF       R0, POSTINC1
0x0322	0x2BD3      	INCF        UART_Read_Text_out_idx_L0, 1, 1
;__Lib_UART_c67.c,156 :: 		
0x0324	0x51D4      	MOVF        UART_Read_Text_delim_idx_L0, 0, 1
0x0326	0x25CF      	ADDWF       FARG_UART_Read_Text_Delimiter, 0, 1
0x0328	0x6EE9      	MOVWF       FSR0L 
0x032A	0x0E00      	MOVLW       0
0x032C	0x21D0      	ADDWFC      FARG_UART_Read_Text_Delimiter+1, 0, 1
0x032E	0x6EEA      	MOVWF       FSR0H 
0x0330	0x50EE      	MOVF        POSTINC0, 0 
0x0332	0x19D2      	XORWF       UART_Read_Text_r_data_L0, 0, 1
0x0334	0xE102      	BNZ         L_UART_Read_Text23
;__Lib_UART_c67.c,157 :: 		
0x0336	0x2BD4      	INCF        UART_Read_Text_delim_idx_L0, 1, 1
;__Lib_UART_c67.c,158 :: 		
0x0338	0xD009      	BRA         L_UART_Read_Text24
L_UART_Read_Text23:
;__Lib_UART_c67.c,160 :: 		
0x033A	0x6BD4      	CLRF        UART_Read_Text_delim_idx_L0, 1
;__Lib_UART_c67.c,161 :: 		
0x033C	0xFFE9C1CF  	MOVFF       FARG_UART_Read_Text_Delimiter, FSR0L
0x0340	0xFFEAC1D0  	MOVFF       FARG_UART_Read_Text_Delimiter+1, FSR0H
0x0344	0x50EE      	MOVF        POSTINC0, 0 
0x0346	0x19D2      	XORWF       UART_Read_Text_r_data_L0, 0, 1
0x0348	0xB4D8      	BTFSC       STATUS, 2 
;__Lib_UART_c67.c,162 :: 		
0x034A	0x2BD4      	INCF        UART_Read_Text_delim_idx_L0, 1, 1
;__Lib_UART_c67.c,163 :: 		
L_UART_Read_Text25:
;__Lib_UART_c67.c,164 :: 		
L_UART_Read_Text24:
;__Lib_UART_c67.c,166 :: 		
0x034C	0x51D4      	MOVF        UART_Read_Text_delim_idx_L0, 0, 1
0x034E	0x25CF      	ADDWF       FARG_UART_Read_Text_Delimiter, 0, 1
0x0350	0x6EE9      	MOVWF       FSR0L 
0x0352	0x0E00      	MOVLW       0
0x0354	0x21D0      	ADDWFC      FARG_UART_Read_Text_Delimiter+1, 0, 1
0x0356	0x6EEA      	MOVWF       FSR0H 
0x0358	0x50EE      	MOVF        POSTINC0, 0 
0x035A	0x0A00      	XORLW       0
0x035C	0xE10E      	BNZ         L_UART_Read_Text26
;__Lib_UART_c67.c,167 :: 		
0x035E	0x51D4      	MOVF        UART_Read_Text_delim_idx_L0, 0, 1
0x0360	0x5DD3      	SUBWF       UART_Read_Text_out_idx_L0, 0, 1
0x0362	0x6E00      	MOVWF       R0 
0x0364	0x6A01      	CLRF        R1 
0x0366	0x0E00      	MOVLW       0
0x0368	0x5A01      	SUBWFB      R1, 1 
0x036A	0x5000      	MOVF        R0, 0 
0x036C	0x25CD      	ADDWF       FARG_UART_Read_Text_Output, 0, 1
0x036E	0x6EE1      	MOVWF       FSR1L 
0x0370	0x5001      	MOVF        R1, 0 
0x0372	0x21CE      	ADDWFC      FARG_UART_Read_Text_Output+1, 0, 1
0x0374	0x6EE2      	MOVWF       FSR1H 
0x0376	0x6AE6      	CLRF        POSTINC1 
;__Lib_UART_c67.c,168 :: 		
0x0378	0xD006      	BRA         L_end_UART_Read_Text
;__Lib_UART_c67.c,169 :: 		
L_UART_Read_Text26:
;__Lib_UART_c67.c,171 :: 		
0x037A	0xD7BC      	BRA         L_UART_Read_Text18
L_UART_Read_Text19:
;__Lib_UART_c67.c,172 :: 		
0x037C	0xFFE1C1CD  	MOVFF       FARG_UART_Read_Text_Output, FSR1L
0x0380	0xFFE2C1CE  	MOVFF       FARG_UART_Read_Text_Output+1, FSR1H
0x0384	0x6AE6      	CLRF        POSTINC1 
;__Lib_UART_c67.c,173 :: 		
L_end_UART_Read_Text:
0x0386	0x0012      	RETURN      0
; end of _UART_Read_Text
_strstr:
;__Lib_CString.c,280 :: 		
;__Lib_CString.c,281 :: 		
L_strstr70:
0x0388	0x0E00      	MOVLW       0
0x038A	0x0101      	MOVLB       1
0x038C	0x19CE      	XORWF       FARG_strstr_s1+1, 0, 1
0x038E	0xE102      	BNZ         L__strstr112
0x0390	0x0E00      	MOVLW       0
0x0392	0x19CD      	XORWF       FARG_strstr_s1, 0, 1
L__strstr112:
0x0394	0xE034      	BZ          L_strstr71
0x0396	0xFFE9C1CD  	MOVFF       FARG_strstr_s1, FSR0L
0x039A	0xFFEAC1CE  	MOVFF       FARG_strstr_s1+1, FSR0H
0x039E	0x52EE      	MOVF        POSTINC0, 1 
0x03A0	0xE02E      	BZ          L_strstr71
L__strstr86:
;__Lib_CString.c,282 :: 		
0x03A2	0xF1D5C1CF  	MOVFF       FARG_strstr_s2, FARG_strlen_s
0x03A6	0xF1D6C1D0  	MOVFF       FARG_strstr_s2+1, FARG_strlen_s+1
0x03AA	0xDEBC      	RCALL       _strlen
0x03AC	0xF1D9C000  	MOVFF       R0, FARG_strncmp_len
0x03B0	0xF1D5C1CD  	MOVFF       FARG_strstr_s1, FARG_strncmp_s1
0x03B4	0xF1D6C1CE  	MOVFF       FARG_strstr_s1+1, FARG_strncmp_s1+1
0x03B8	0xF1D7C1CF  	MOVFF       FARG_strstr_s2, FARG_strncmp_s2
0x03BC	0xF1D8C1D0  	MOVFF       FARG_strstr_s2+1, FARG_strncmp_s2+1
0x03C0	0xDE77      	RCALL       _strncmp
0x03C2	0x0E00      	MOVLW       0
0x03C4	0x1801      	XORWF       R1, 0 
0x03C6	0xE102      	BNZ         L__strstr113
0x03C8	0x0E00      	MOVLW       0
0x03CA	0x1800      	XORWF       R0, 0 
L__strstr113:
0x03CC	0xE105      	BNZ         L_strstr74
;__Lib_CString.c,283 :: 		
0x03CE	0xF000C1CD  	MOVFF       FARG_strstr_s1, R0
0x03D2	0xF001C1CE  	MOVFF       FARG_strstr_s1+1, R1
0x03D6	0xD015      	BRA         L_end_strstr
L_strstr74:
;__Lib_CString.c,284 :: 		
0x03D8	0x0E01      	MOVLW       1
0x03DA	0x0101      	MOVLB       1
0x03DC	0x25CD      	ADDWF       FARG_strstr_s1, 0, 1
0x03DE	0x6FD5      	MOVWF       FARG_strchr_ptr, 1
0x03E0	0x0E00      	MOVLW       0
0x03E2	0x21CE      	ADDWFC      FARG_strstr_s1+1, 0, 1
0x03E4	0x6FD6      	MOVWF       FARG_strchr_ptr+1, 1
0x03E6	0xFFE9C1CF  	MOVFF       FARG_strstr_s2, FSR0L
0x03EA	0xFFEAC1D0  	MOVFF       FARG_strstr_s2+1, FSR0H
0x03EE	0xF1D7CFEE  	MOVFF       POSTINC0, FARG_strchr_chr
0x03F2	0xDE3A      	RCALL       _strchr
0x03F4	0xF1CDC000  	MOVFF       R0, FARG_strstr_s1
0x03F8	0xF1CEC001  	MOVFF       R1, FARG_strstr_s1+1
;__Lib_CString.c,285 :: 		
0x03FC	0xD7C5      	BRA         L_strstr70
L_strstr71:
;__Lib_CString.c,286 :: 		
0x03FE	0x6A00      	CLRF        R0 
0x0400	0x6A01      	CLRF        R1 
;__Lib_CString.c,287 :: 		
L_end_strstr:
0x0402	0x0012      	RETURN      0
; end of _strstr
_initPorts:
;DazoGSM.c,76 :: 		void initPorts(){
;DazoGSM.c,77 :: 		ADCON1 = 0x07;
0x0404	0x0E07      	MOVLW       7
0x0406	0x6EC1      	MOVWF       ADCON1 
;DazoGSM.c,78 :: 		TRISB = 0xF0;
0x0408	0x0EF0      	MOVLW       240
0x040A	0x6E93      	MOVWF       TRISB 
;DazoGSM.c,79 :: 		PORTB = 0x00;
0x040C	0x6A81      	CLRF        PORTB 
;DazoGSM.c,80 :: 		UART1_Init(9600);
0x040E	0x86B8      	BSF         BAUDCON, 3, 0
0x0410	0x6AB0      	CLRF        SPBRGH 
0x0412	0x0E67      	MOVLW       103
0x0414	0x6EAF      	MOVWF       SPBRG 
0x0416	0x84AC      	BSF         TXSTA, 2, 0
0x0418	0xDEBC      	RCALL       _UART1_Init
;DazoGSM.c,81 :: 		sendATCommand("AT+CNMI=1,0,2,0,1\r\n");
0x041A	0x0E31      	MOVLW       ?lstr14_DazoGSM
0x041C	0x6FCD      	MOVWF       FARG_sendATCommand_cmd, 1
0x041E	0x0E01      	MOVLW       hi_addr(?lstr14_DazoGSM)
0x0420	0x6FCE      	MOVWF       FARG_sendATCommand_cmd+1, 1
0x0422	0xDEE3      	RCALL       _sendATCommand
;DazoGSM.c,82 :: 		sendATCommand("AT+CMGF=1\r\n");
0x0424	0x0E09      	MOVLW       ?lstr15_DazoGSM
0x0426	0x6FCD      	MOVWF       FARG_sendATCommand_cmd, 1
0x0428	0x0E01      	MOVLW       hi_addr(?lstr15_DazoGSM)
0x042A	0x6FCE      	MOVWF       FARG_sendATCommand_cmd+1, 1
0x042C	0xDEDE      	RCALL       _sendATCommand
;DazoGSM.c,83 :: 		sendSMS("Device On");
0x042E	0x0EFF      	MOVLW       ?lstr16_DazoGSM
0x0430	0x6FCD      	MOVWF       FARG_sendSMS_msg, 1
0x0432	0x0E00      	MOVLW       hi_addr(?lstr16_DazoGSM)
0x0434	0x6FCE      	MOVWF       FARG_sendSMS_msg+1, 1
0x0436	0xDEED      	RCALL       _sendSMS
;DazoGSM.c,84 :: 		}
L_end_initPorts:
0x0438	0x0012      	RETURN      0
; end of _initPorts
___CC2DW:
;__Lib_System.c,21 :: 		
;__Lib_System.c,23 :: 		
_CC2DL_Loop1:
;__Lib_System.c,24 :: 		
0x043A	0x0009      	TBLRD*+
;__Lib_System.c,25 :: 		
0x043C	0xFFE6CFF5  	MOVFF       TABLAT, POSTINC1
;__Lib_System.c,26 :: 		
0x0440	0x0600      	DECF        R0, 1, 0
;__Lib_System.c,27 :: 		
0x0442	0xE1FB      	BNZ         _CC2DL_Loop1
;__Lib_System.c,28 :: 		
0x0444	0x0601      	DECF        R1, 1, 0
;__Lib_System.c,29 :: 		
0x0446	0xE1F9      	BNZ         _CC2DL_Loop1
;__Lib_System.c,31 :: 		
L_end___CC2DW:
0x0448	0x0012      	RETURN      0
; end of ___CC2DW
_readSMS:
;DazoGSM.c,26 :: 		void readSMS(){
;DazoGSM.c,27 :: 		char *indoorError = "There might be a problem with your INDOOR Lights. please check";
0x044A	0x0E26      	MOVLW       ?lstr5_DazoGSM
0x044C	0x0101      	MOVLB       1
0x044E	0x6FC1      	MOVWF       readSMS_indoorError_L0, 1
0x0450	0x0E00      	MOVLW       hi_addr(?lstr5_DazoGSM)
0x0452	0x6FC2      	MOVWF       readSMS_indoorError_L0+1, 1
0x0454	0x0E15      	MOVLW       ?lstr6_DazoGSM
0x0456	0x6FC3      	MOVWF       readSMS_indoorOn_L0, 1
0x0458	0x0E00      	MOVLW       hi_addr(?lstr6_DazoGSM)
0x045A	0x6FC4      	MOVWF       readSMS_indoorOn_L0+1, 1
0x045C	0x0E65      	MOVLW       ?lstr7_DazoGSM
0x045E	0x6FC5      	MOVWF       readSMS_indoorOff_L0, 1
0x0460	0x0E00      	MOVLW       hi_addr(?lstr7_DazoGSM)
0x0462	0x6FC6      	MOVWF       readSMS_indoorOff_L0+1, 1
0x0464	0x0E89      	MOVLW       ?lstr8_DazoGSM
0x0466	0x6FC7      	MOVWF       readSMS_outdoorError_L0, 1
0x0468	0x0E00      	MOVLW       hi_addr(?lstr8_DazoGSM)
0x046A	0x6FC8      	MOVWF       readSMS_outdoorError_L0+1, 1
0x046C	0x0E77      	MOVLW       ?lstr9_DazoGSM
0x046E	0x6FC9      	MOVWF       readSMS_outdoorOn_L0, 1
0x0470	0x0E00      	MOVLW       hi_addr(?lstr9_DazoGSM)
0x0472	0x6FCA      	MOVWF       readSMS_outdoorOn_L0+1, 1
0x0474	0x0E17      	MOVLW       ?lstr10_DazoGSM
0x0476	0x6FCB      	MOVWF       readSMS_outdoorOff_L0, 1
0x0478	0x0E01      	MOVLW       hi_addr(?lstr10_DazoGSM)
0x047A	0x6FCC      	MOVWF       readSMS_outdoorOff_L0+1, 1
;DazoGSM.c,36 :: 		if(UART1_Data_Ready()){
0x047C	0xDDD4      	RCALL       _UART1_Data_Ready
0x047E	0x5200      	MOVF        R0, 1 
0x0480	0xE066      	BZ          L_readSMS3
;DazoGSM.c,41 :: 		UART_Read_Text(inStr, "\n", 255);
0x0482	0x0E5D      	MOVLW       readSMS_inStr_L0
0x0484	0x6FCD      	MOVWF       FARG_UART_Read_Text_Output, 1
0x0486	0x0E01      	MOVLW       hi_addr(readSMS_inStr_L0)
0x0488	0x6FCE      	MOVWF       FARG_UART_Read_Text_Output+1, 1
0x048A	0x0E15      	MOVLW       ?lstr11_DazoGSM
0x048C	0x6FCF      	MOVWF       FARG_UART_Read_Text_Delimiter, 1
0x048E	0x0E01      	MOVLW       hi_addr(?lstr11_DazoGSM)
0x0490	0x6FD0      	MOVWF       FARG_UART_Read_Text_Delimiter+1, 1
0x0492	0x0EFF      	MOVLW       255
0x0494	0x6FD1      	MOVWF       FARG_UART_Read_Text_Attempts, 1
0x0496	0xDF2B      	RCALL       _UART_Read_Text
;DazoGSM.c,43 :: 		Delay_ms(200);
0x0498	0x0E02      	MOVLW       2
0x049A	0x6E0B      	MOVWF       R11, 0
0x049C	0x0E04      	MOVLW       4
0x049E	0x6E0C      	MOVWF       R12, 0
0x04A0	0x0EBA      	MOVLW       186
0x04A2	0x6E0D      	MOVWF       R13, 0
L_readSMS4:
0x04A4	0x2E0D      	DECFSZ      R13, 1, 0
0x04A6	0xD7FE      	BRA         L_readSMS4
0x04A8	0x2E0C      	DECFSZ      R12, 1, 0
0x04AA	0xD7FC      	BRA         L_readSMS4
0x04AC	0x2E0B      	DECFSZ      R11, 1, 0
0x04AE	0xD7FA      	BRA         L_readSMS4
0x04B0	0x0000      	NOP
;DazoGSM.c,44 :: 		UART1_Write_Text(inStr);
0x04B2	0x0E5D      	MOVLW       readSMS_inStr_L0
0x04B4	0x6FD5      	MOVWF       FARG_UART1_Write_Text_uart_text, 1
0x04B6	0x0E01      	MOVLW       hi_addr(readSMS_inStr_L0)
0x04B8	0x6FD6      	MOVWF       FARG_UART1_Write_Text_uart_text+1, 1
0x04BA	0xDE51      	RCALL       _UART1_Write_Text
;DazoGSM.c,46 :: 		if(strstr(inStr, "INDOOR")){
0x04BC	0x0E5D      	MOVLW       readSMS_inStr_L0
0x04BE	0x6FCD      	MOVWF       FARG_strstr_s1, 1
0x04C0	0x0E01      	MOVLW       hi_addr(readSMS_inStr_L0)
0x04C2	0x6FCE      	MOVWF       FARG_strstr_s1+1, 1
0x04C4	0x0E2A      	MOVLW       ?lstr12_DazoGSM
0x04C6	0x6FCF      	MOVWF       FARG_strstr_s2, 1
0x04C8	0x0E01      	MOVLW       hi_addr(?lstr12_DazoGSM)
0x04CA	0x6FD0      	MOVWF       FARG_strstr_s2+1, 1
0x04CC	0xDF5D      	RCALL       _strstr
0x04CE	0x5000      	MOVF        R0, 0 
0x04D0	0x1001      	IORWF       R1, 0 
0x04D2	0xE018      	BZ          L_readSMS5
;DazoGSM.c,47 :: 		PORTB.F0 = ~PORTB.F0;
0x04D4	0x7081      	BTG         PORTB, 0 
;DazoGSM.c,48 :: 		if(PORTB.RB5 == 0 && PORTB.RB0 == 1){
0x04D6	0xBA81      	BTFSC       PORTB, 5 
0x04D8	0xD008      	BRA         L_readSMS8
0x04DA	0xA081      	BTFSS       PORTB, 0 
0x04DC	0xD006      	BRA         L_readSMS8
L__readSMS39:
;DazoGSM.c,49 :: 		sendSMS(indoorError);
0x04DE	0xF1CDC1C1  	MOVFF       readSMS_indoorError_L0, FARG_sendSMS_msg
0x04E2	0xF1CEC1C2  	MOVFF       readSMS_indoorError_L0+1, FARG_sendSMS_msg+1
0x04E6	0xDE95      	RCALL       _sendSMS
;DazoGSM.c,50 :: 		}else{
0x04E8	0xD00D      	BRA         L_readSMS9
L_readSMS8:
;DazoGSM.c,51 :: 		if(PORTB.RB5 == 1){
0x04EA	0xAA81      	BTFSS       PORTB, 5 
0x04EC	0xD006      	BRA         L_readSMS10
;DazoGSM.c,52 :: 		sendSMS(indoorOn);
0x04EE	0xF1CDC1C3  	MOVFF       readSMS_indoorOn_L0, FARG_sendSMS_msg
0x04F2	0xF1CEC1C4  	MOVFF       readSMS_indoorOn_L0+1, FARG_sendSMS_msg+1
0x04F6	0xDE8D      	RCALL       _sendSMS
;DazoGSM.c,53 :: 		}else{
0x04F8	0xD005      	BRA         L_readSMS11
L_readSMS10:
;DazoGSM.c,54 :: 		sendSMS(indoorOff);
0x04FA	0xF1CDC1C5  	MOVFF       readSMS_indoorOff_L0, FARG_sendSMS_msg
0x04FE	0xF1CEC1C6  	MOVFF       readSMS_indoorOff_L0+1, FARG_sendSMS_msg+1
0x0502	0xDE87      	RCALL       _sendSMS
;DazoGSM.c,55 :: 		}
L_readSMS11:
;DazoGSM.c,56 :: 		}
L_readSMS9:
;DazoGSM.c,57 :: 		}
L_readSMS5:
;DazoGSM.c,59 :: 		if(strstr(inStr, "OUTDOOR")){
0x0504	0x0E5D      	MOVLW       readSMS_inStr_L0
0x0506	0x0101      	MOVLB       1
0x0508	0x6FCD      	MOVWF       FARG_strstr_s1, 1
0x050A	0x0E01      	MOVLW       hi_addr(readSMS_inStr_L0)
0x050C	0x6FCE      	MOVWF       FARG_strstr_s1+1, 1
0x050E	0x0E45      	MOVLW       ?lstr13_DazoGSM
0x0510	0x6FCF      	MOVWF       FARG_strstr_s2, 1
0x0512	0x0E01      	MOVLW       hi_addr(?lstr13_DazoGSM)
0x0514	0x6FD0      	MOVWF       FARG_strstr_s2+1, 1
0x0516	0xDF38      	RCALL       _strstr
0x0518	0x5000      	MOVF        R0, 0 
0x051A	0x1001      	IORWF       R1, 0 
0x051C	0xE018      	BZ          L_readSMS12
;DazoGSM.c,60 :: 		PORTB.F1 = ~PORTB.F1;
0x051E	0x7281      	BTG         PORTB, 1 
;DazoGSM.c,61 :: 		if(PORTB.RB6 == 0 && PORTB.RB1 == 1){
0x0520	0xBC81      	BTFSC       PORTB, 6 
0x0522	0xD008      	BRA         L_readSMS15
0x0524	0xA281      	BTFSS       PORTB, 1 
0x0526	0xD006      	BRA         L_readSMS15
L__readSMS38:
;DazoGSM.c,62 :: 		sendSMS(outdoorError);
0x0528	0xF1CDC1C7  	MOVFF       readSMS_outdoorError_L0, FARG_sendSMS_msg
0x052C	0xF1CEC1C8  	MOVFF       readSMS_outdoorError_L0+1, FARG_sendSMS_msg+1
0x0530	0xDE70      	RCALL       _sendSMS
;DazoGSM.c,63 :: 		}else{
0x0532	0xD00D      	BRA         L_readSMS16
L_readSMS15:
;DazoGSM.c,64 :: 		if(PORTB.RB6 == 1){
0x0534	0xAC81      	BTFSS       PORTB, 6 
0x0536	0xD006      	BRA         L_readSMS17
;DazoGSM.c,65 :: 		sendSMS(outdoorOn);
0x0538	0xF1CDC1C9  	MOVFF       readSMS_outdoorOn_L0, FARG_sendSMS_msg
0x053C	0xF1CEC1CA  	MOVFF       readSMS_outdoorOn_L0+1, FARG_sendSMS_msg+1
0x0540	0xDE68      	RCALL       _sendSMS
;DazoGSM.c,66 :: 		}else{
0x0542	0xD005      	BRA         L_readSMS18
L_readSMS17:
;DazoGSM.c,67 :: 		sendSMS(outdoorOff);
0x0544	0xF1CDC1CB  	MOVFF       readSMS_outdoorOff_L0, FARG_sendSMS_msg
0x0548	0xF1CEC1CC  	MOVFF       readSMS_outdoorOff_L0+1, FARG_sendSMS_msg+1
0x054C	0xDE62      	RCALL       _sendSMS
;DazoGSM.c,68 :: 		}
L_readSMS18:
;DazoGSM.c,69 :: 		}
L_readSMS16:
;DazoGSM.c,70 :: 		}
L_readSMS12:
;DazoGSM.c,71 :: 		}
L_readSMS3:
;DazoGSM.c,72 :: 		Delay_ms(100);
0x054E	0x0E82      	MOVLW       130
0x0550	0x6E0C      	MOVWF       R12, 0
0x0552	0x0EDD      	MOVLW       221
0x0554	0x6E0D      	MOVWF       R13, 0
L_readSMS19:
0x0556	0x2E0D      	DECFSZ      R13, 1, 0
0x0558	0xD7FE      	BRA         L_readSMS19
0x055A	0x2E0C      	DECFSZ      R12, 1, 0
0x055C	0xD7FC      	BRA         L_readSMS19
0x055E	0x0000      	NOP
0x0560	0x0000      	NOP
;DazoGSM.c,74 :: 		}
L_end_readSMS:
0x0562	0x0012      	RETURN      0
; end of _readSMS
_detectBO:
;DazoGSM.c,113 :: 		void detectBO(){
;DazoGSM.c,114 :: 		if(PORTB.F4 == 0 && BOSMSSent == 0){
0x0564	0xB881      	BTFSC       PORTB, 4 
0x0566	0xD01D      	BRA         L_detectBO33
0x0568	0x0E00      	MOVLW       0
0x056A	0x0100      	MOVLB       0
0x056C	0x19DF      	XORWF       _BOSMSSent+1, 0, 1
0x056E	0xE102      	BNZ         L__detectBO48
0x0570	0x0E00      	MOVLW       0
0x0572	0x19DE      	XORWF       _BOSMSSent, 0, 1
L__detectBO48:
0x0574	0xE116      	BNZ         L_detectBO33
L__detectBO40:
;DazoGSM.c,115 :: 		sendSMS("The power is off");
0x0576	0x0ECD      	MOVLW       ?lstr19_DazoGSM
0x0578	0x0101      	MOVLB       1
0x057A	0x6FCD      	MOVWF       FARG_sendSMS_msg, 1
0x057C	0x0E00      	MOVLW       hi_addr(?lstr19_DazoGSM)
0x057E	0x6FCE      	MOVWF       FARG_sendSMS_msg+1, 1
0x0580	0xDE48      	RCALL       _sendSMS
;DazoGSM.c,116 :: 		BOSMSSent = 1;
0x0582	0x0E01      	MOVLW       1
0x0584	0x0100      	MOVLB       0
0x0586	0x6FDE      	MOVWF       _BOSMSSent, 1
0x0588	0x0E00      	MOVLW       0
0x058A	0x6FDF      	MOVWF       _BOSMSSent+1, 1
;DazoGSM.c,117 :: 		while(PORTB.F4 == 0);
L_detectBO34:
0x058C	0xB881      	BTFSC       PORTB, 4 
0x058E	0xD001      	BRA         L_detectBO35
0x0590	0xD7FD      	BRA         L_detectBO34
L_detectBO35:
;DazoGSM.c,118 :: 		if(PORTB.F4 == 1)sendSMS("The power is back");
0x0592	0xA881      	BTFSS       PORTB, 4 
0x0594	0xD006      	BRA         L_detectBO36
0x0596	0x0EE0      	MOVLW       ?lstr20_DazoGSM
0x0598	0x0101      	MOVLB       1
0x059A	0x6FCD      	MOVWF       FARG_sendSMS_msg, 1
0x059C	0x0E00      	MOVLW       hi_addr(?lstr20_DazoGSM)
0x059E	0x6FCE      	MOVWF       FARG_sendSMS_msg+1, 1
0x05A0	0xDE38      	RCALL       _sendSMS
L_detectBO36:
;DazoGSM.c,119 :: 		}
L_detectBO33:
;DazoGSM.c,120 :: 		if(PORTB.F4 == 1) BOSMSSent = 0;
0x05A2	0xA881      	BTFSS       PORTB, 4 
0x05A4	0xD003      	BRA         L_detectBO37
0x05A6	0x0100      	MOVLB       0
0x05A8	0x6BDE      	CLRF        _BOSMSSent, 1
0x05AA	0x6BDF      	CLRF        _BOSMSSent+1, 1
L_detectBO37:
;DazoGSM.c,121 :: 		}
L_end_detectBO:
0x05AC	0x0012      	RETURN      0
; end of _detectBO
_main:
0x05AE	0xF003ECA0  	CALL        1856, 0
;DazoGSM.c,17 :: 		void main() {
;DazoGSM.c,18 :: 		initPorts();
0x05B2	0xDF28      	RCALL       _initPorts
;DazoGSM.c,19 :: 		Delay_ms(500);
0x05B4	0x0E03      	MOVLW       3
0x05B6	0x6E0B      	MOVWF       R11, 0
0x05B8	0x0E8A      	MOVLW       138
0x05BA	0x6E0C      	MOVWF       R12, 0
0x05BC	0x0E55      	MOVLW       85
0x05BE	0x6E0D      	MOVWF       R13, 0
L_main0:
0x05C0	0x2E0D      	DECFSZ      R13, 1, 0
0x05C2	0xD7FE      	BRA         L_main0
0x05C4	0x2E0C      	DECFSZ      R12, 1, 0
0x05C6	0xD7FC      	BRA         L_main0
0x05C8	0x2E0B      	DECFSZ      R11, 1, 0
0x05CA	0xD7FA      	BRA         L_main0
0x05CC	0x0000      	NOP
0x05CE	0x0000      	NOP
;DazoGSM.c,20 :: 		while(1){
L_main1:
;DazoGSM.c,21 :: 		detectBO();
0x05D0	0xDFC9      	RCALL       _detectBO
;DazoGSM.c,22 :: 		readSMS();
0x05D2	0xDF3B      	RCALL       _readSMS
;DazoGSM.c,23 :: 		}
0x05D4	0xD7FD      	BRA         L_main1
;DazoGSM.c,24 :: 		}
L_end_main:
0x05D6	0xD7FF      	BRA         $+0
; end of _main
0x0740	0xF015EE10  	LFSR        1, 21
0x0744	0x0E38      	MOVLW       56
0x0746	0x6E00      	MOVWF       R0 
0x0748	0x0E02      	MOVLW       2
0x074A	0x6E01      	MOVWF       R1 
0x074C	0x0ED8      	MOVLW       216
0x074E	0x6EF6      	MOVWF       4086 
0x0750	0x0E05      	MOVLW       5
0x0752	0x6EF7      	MOVWF       TBLPTRH 
0x0754	0x0E00      	MOVLW       0
0x0756	0x6EF8      	MOVWF       TBLPTRU 
0x0758	0xF002EC1D  	CALL        1082, 0
0x075C	0x0012      	RETURN      0
;DazoGSM.c,0 :: ?ICS?lstr6_DazoGSM
0x05D8	0x4E49 ;?ICS?lstr6_DazoGSM+0
0x05DA	0x4F44 ;?ICS?lstr6_DazoGSM+2
0x05DC	0x524F ;?ICS?lstr6_DazoGSM+4
0x05DE	0x4C20 ;?ICS?lstr6_DazoGSM+6
0x05E0	0x6769 ;?ICS?lstr6_DazoGSM+8
0x05E2	0x7468 ;?ICS?lstr6_DazoGSM+10
0x05E4	0x2073 ;?ICS?lstr6_DazoGSM+12
0x05E6	0x6E4F ;?ICS?lstr6_DazoGSM+14
0x05E8	0x00 ;?ICS?lstr6_DazoGSM+16
; end of ?ICS?lstr6_DazoGSM
;DazoGSM.c,0 :: ?ICS?lstr5_DazoGSM
0x05E9	0x6854 ;?ICS?lstr5_DazoGSM+0
0x05EB	0x7265 ;?ICS?lstr5_DazoGSM+2
0x05ED	0x2065 ;?ICS?lstr5_DazoGSM+4
0x05EF	0x696D ;?ICS?lstr5_DazoGSM+6
0x05F1	0x6867 ;?ICS?lstr5_DazoGSM+8
0x05F3	0x2074 ;?ICS?lstr5_DazoGSM+10
0x05F5	0x6562 ;?ICS?lstr5_DazoGSM+12
0x05F7	0x6120 ;?ICS?lstr5_DazoGSM+14
0x05F9	0x7020 ;?ICS?lstr5_DazoGSM+16
0x05FB	0x6F72 ;?ICS?lstr5_DazoGSM+18
0x05FD	0x6C62 ;?ICS?lstr5_DazoGSM+20
0x05FF	0x6D65 ;?ICS?lstr5_DazoGSM+22
0x0601	0x7720 ;?ICS?lstr5_DazoGSM+24
0x0603	0x7469 ;?ICS?lstr5_DazoGSM+26
0x0605	0x2068 ;?ICS?lstr5_DazoGSM+28
0x0607	0x6F79 ;?ICS?lstr5_DazoGSM+30
0x0609	0x7275 ;?ICS?lstr5_DazoGSM+32
0x060B	0x4920 ;?ICS?lstr5_DazoGSM+34
0x060D	0x444E ;?ICS?lstr5_DazoGSM+36
0x060F	0x4F4F ;?ICS?lstr5_DazoGSM+38
0x0611	0x2052 ;?ICS?lstr5_DazoGSM+40
0x0613	0x694C ;?ICS?lstr5_DazoGSM+42
0x0615	0x6867 ;?ICS?lstr5_DazoGSM+44
0x0617	0x7374 ;?ICS?lstr5_DazoGSM+46
0x0619	0x202E ;?ICS?lstr5_DazoGSM+48
0x061B	0x6C70 ;?ICS?lstr5_DazoGSM+50
0x061D	0x6165 ;?ICS?lstr5_DazoGSM+52
0x061F	0x6573 ;?ICS?lstr5_DazoGSM+54
0x0621	0x6320 ;?ICS?lstr5_DazoGSM+56
0x0623	0x6568 ;?ICS?lstr5_DazoGSM+58
0x0625	0x6B63 ;?ICS?lstr5_DazoGSM+60
0x0627	0x00 ;?ICS?lstr5_DazoGSM+62
; end of ?ICS?lstr5_DazoGSM
;DazoGSM.c,0 :: ?ICS?lstr7_DazoGSM
0x0628	0x4E49 ;?ICS?lstr7_DazoGSM+0
0x062A	0x4F44 ;?ICS?lstr7_DazoGSM+2
0x062C	0x524F ;?ICS?lstr7_DazoGSM+4
0x062E	0x4C20 ;?ICS?lstr7_DazoGSM+6
0x0630	0x6769 ;?ICS?lstr7_DazoGSM+8
0x0632	0x7468 ;?ICS?lstr7_DazoGSM+10
0x0634	0x2073 ;?ICS?lstr7_DazoGSM+12
0x0636	0x664F ;?ICS?lstr7_DazoGSM+14
0x0638	0x0066 ;?ICS?lstr7_DazoGSM+16
; end of ?ICS?lstr7_DazoGSM
;DazoGSM.c,0 :: ?ICS?lstr9_DazoGSM
0x063A	0x554F ;?ICS?lstr9_DazoGSM+0
0x063C	0x4454 ;?ICS?lstr9_DazoGSM+2
0x063E	0x4F4F ;?ICS?lstr9_DazoGSM+4
0x0640	0x2052 ;?ICS?lstr9_DazoGSM+6
0x0642	0x694C ;?ICS?lstr9_DazoGSM+8
0x0644	0x6867 ;?ICS?lstr9_DazoGSM+10
0x0646	0x7374 ;?ICS?lstr9_DazoGSM+12
0x0648	0x4F20 ;?ICS?lstr9_DazoGSM+14
0x064A	0x006E ;?ICS?lstr9_DazoGSM+16
; end of ?ICS?lstr9_DazoGSM
;DazoGSM.c,0 :: ?ICS?lstr8_DazoGSM
0x064C	0x6854 ;?ICS?lstr8_DazoGSM+0
0x064E	0x7265 ;?ICS?lstr8_DazoGSM+2
0x0650	0x2065 ;?ICS?lstr8_DazoGSM+4
0x0652	0x696D ;?ICS?lstr8_DazoGSM+6
0x0654	0x6867 ;?ICS?lstr8_DazoGSM+8
0x0656	0x2074 ;?ICS?lstr8_DazoGSM+10
0x0658	0x6562 ;?ICS?lstr8_DazoGSM+12
0x065A	0x6120 ;?ICS?lstr8_DazoGSM+14
0x065C	0x7020 ;?ICS?lstr8_DazoGSM+16
0x065E	0x6F72 ;?ICS?lstr8_DazoGSM+18
0x0660	0x6C62 ;?ICS?lstr8_DazoGSM+20
0x0662	0x6D65 ;?ICS?lstr8_DazoGSM+22
0x0664	0x7720 ;?ICS?lstr8_DazoGSM+24
0x0666	0x7469 ;?ICS?lstr8_DazoGSM+26
0x0668	0x2068 ;?ICS?lstr8_DazoGSM+28
0x066A	0x6F79 ;?ICS?lstr8_DazoGSM+30
0x066C	0x7275 ;?ICS?lstr8_DazoGSM+32
0x066E	0x4F20 ;?ICS?lstr8_DazoGSM+34
0x0670	0x5455 ;?ICS?lstr8_DazoGSM+36
0x0672	0x4F44 ;?ICS?lstr8_DazoGSM+38
0x0674	0x524F ;?ICS?lstr8_DazoGSM+40
0x0676	0x4C20 ;?ICS?lstr8_DazoGSM+42
0x0678	0x6769 ;?ICS?lstr8_DazoGSM+44
0x067A	0x7468 ;?ICS?lstr8_DazoGSM+46
0x067C	0x2E73 ;?ICS?lstr8_DazoGSM+48
0x067E	0x7020 ;?ICS?lstr8_DazoGSM+50
0x0680	0x656C ;?ICS?lstr8_DazoGSM+52
0x0682	0x7361 ;?ICS?lstr8_DazoGSM+54
0x0684	0x2065 ;?ICS?lstr8_DazoGSM+56
0x0686	0x6863 ;?ICS?lstr8_DazoGSM+58
0x0688	0x6365 ;?ICS?lstr8_DazoGSM+60
0x068A	0x006B ;?ICS?lstr8_DazoGSM+62
; end of ?ICS?lstr8_DazoGSM
;DazoGSM.c,0 :: ?ICS?lstr18_DazoGSM
0x068C	0x0D22 ;?ICS?lstr18_DazoGSM+0
0x068E	0x000A ;?ICS?lstr18_DazoGSM+2
; end of ?ICS?lstr18_DazoGSM
;DazoGSM.c,0 :: ?ICS?lstr19_DazoGSM
0x0690	0x6854 ;?ICS?lstr19_DazoGSM+0
0x0692	0x2065 ;?ICS?lstr19_DazoGSM+2
0x0694	0x6F70 ;?ICS?lstr19_DazoGSM+4
0x0696	0x6577 ;?ICS?lstr19_DazoGSM+6
0x0698	0x2072 ;?ICS?lstr19_DazoGSM+8
0x069A	0x7369 ;?ICS?lstr19_DazoGSM+10
0x069C	0x6F20 ;?ICS?lstr19_DazoGSM+12
0x069E	0x6666 ;?ICS?lstr19_DazoGSM+14
0x06A0	0x00 ;?ICS?lstr19_DazoGSM+16
; end of ?ICS?lstr19_DazoGSM
;DazoGSM.c,0 :: ?ICS_BOSMSSent
0x06A1	0x0000 ;?ICS_BOSMSSent+0
; end of ?ICS_BOSMSSent
;DazoGSM.c,0 :: ?ICS?lstr20_DazoGSM
0x06A3	0x6854 ;?ICS?lstr20_DazoGSM+0
0x06A5	0x2065 ;?ICS?lstr20_DazoGSM+2
0x06A7	0x6F70 ;?ICS?lstr20_DazoGSM+4
0x06A9	0x6577 ;?ICS?lstr20_DazoGSM+6
0x06AB	0x2072 ;?ICS?lstr20_DazoGSM+8
0x06AD	0x7369 ;?ICS?lstr20_DazoGSM+10
0x06AF	0x6220 ;?ICS?lstr20_DazoGSM+12
0x06B1	0x6361 ;?ICS?lstr20_DazoGSM+14
0x06B3	0x006B ;?ICS?lstr20_DazoGSM+16
; end of ?ICS?lstr20_DazoGSM
;DazoGSM.c,0 :: ?ICS_recepientNumber
0x06B5	0x0728 ;?ICS_recepientNumber+0
0x06B7	0x00 ;?ICS_recepientNumber+2
; end of ?ICS_recepientNumber
;DazoGSM.c,0 :: ?ICS?lstr17_DazoGSM
0x06B8	0x5441 ;?ICS?lstr17_DazoGSM+0
0x06BA	0x432B ;?ICS?lstr17_DazoGSM+2
0x06BC	0x474D ;?ICS?lstr17_DazoGSM+4
0x06BE	0x3D53 ;?ICS?lstr17_DazoGSM+6
0x06C0	0x0022 ;?ICS?lstr17_DazoGSM+8
; end of ?ICS?lstr17_DazoGSM
;DazoGSM.c,0 :: ?ICS?lstr16_DazoGSM
0x06C2	0x6544 ;?ICS?lstr16_DazoGSM+0
0x06C4	0x6976 ;?ICS?lstr16_DazoGSM+2
0x06C6	0x6563 ;?ICS?lstr16_DazoGSM+4
0x06C8	0x4F20 ;?ICS?lstr16_DazoGSM+6
0x06CA	0x006E ;?ICS?lstr16_DazoGSM+8
; end of ?ICS?lstr16_DazoGSM
;DazoGSM.c,0 :: ?ICS?lstr15_DazoGSM
0x06CC	0x5441 ;?ICS?lstr15_DazoGSM+0
0x06CE	0x432B ;?ICS?lstr15_DazoGSM+2
0x06D0	0x474D ;?ICS?lstr15_DazoGSM+4
0x06D2	0x3D46 ;?ICS?lstr15_DazoGSM+6
0x06D4	0x0D31 ;?ICS?lstr15_DazoGSM+8
0x06D6	0x000A ;?ICS?lstr15_DazoGSM+10
; end of ?ICS?lstr15_DazoGSM
;DazoGSM.c,0 :: ?ICS?lstr11_DazoGSM
0x06D8	0x000A ;?ICS?lstr11_DazoGSM+0
; end of ?ICS?lstr11_DazoGSM
;DazoGSM.c,0 :: ?ICS?lstr10_DazoGSM
0x06DA	0x554F ;?ICS?lstr10_DazoGSM+0
0x06DC	0x4454 ;?ICS?lstr10_DazoGSM+2
0x06DE	0x4F4F ;?ICS?lstr10_DazoGSM+4
0x06E0	0x2052 ;?ICS?lstr10_DazoGSM+6
0x06E2	0x694C ;?ICS?lstr10_DazoGSM+8
0x06E4	0x6867 ;?ICS?lstr10_DazoGSM+10
0x06E6	0x7374 ;?ICS?lstr10_DazoGSM+12
0x06E8	0x4F20 ;?ICS?lstr10_DazoGSM+14
0x06EA	0x6666 ;?ICS?lstr10_DazoGSM+16
0x06EC	0x00 ;?ICS?lstr10_DazoGSM+18
; end of ?ICS?lstr10_DazoGSM
;DazoGSM.c,0 :: ?ICS?lstr12_DazoGSM
0x06ED	0x4E49 ;?ICS?lstr12_DazoGSM+0
0x06EF	0x4F44 ;?ICS?lstr12_DazoGSM+2
0x06F1	0x524F ;?ICS?lstr12_DazoGSM+4
0x06F3	0x00 ;?ICS?lstr12_DazoGSM+6
; end of ?ICS?lstr12_DazoGSM
;DazoGSM.c,0 :: ?ICS?lstr14_DazoGSM
0x06F4	0x5441 ;?ICS?lstr14_DazoGSM+0
0x06F6	0x432B ;?ICS?lstr14_DazoGSM+2
0x06F8	0x4D4E ;?ICS?lstr14_DazoGSM+4
0x06FA	0x3D49 ;?ICS?lstr14_DazoGSM+6
0x06FC	0x2C31 ;?ICS?lstr14_DazoGSM+8
0x06FE	0x2C30 ;?ICS?lstr14_DazoGSM+10
0x0700	0x2C32 ;?ICS?lstr14_DazoGSM+12
0x0702	0x2C30 ;?ICS?lstr14_DazoGSM+14
0x0704	0x0D31 ;?ICS?lstr14_DazoGSM+16
0x0706	0x000A ;?ICS?lstr14_DazoGSM+18
; end of ?ICS?lstr14_DazoGSM
;DazoGSM.c,0 :: ?ICS?lstr13_DazoGSM
0x0708	0x554F ;?ICS?lstr13_DazoGSM+0
0x070A	0x4454 ;?ICS?lstr13_DazoGSM+2
0x070C	0x4F4F ;?ICS?lstr13_DazoGSM+4
0x070E	0x0052 ;?ICS?lstr13_DazoGSM+6
; end of ?ICS?lstr13_DazoGSM
;DazoGSM.c,0 :: ?lstr_4_DazoGSM
0x0710	0x3930 ;?lstr_4_DazoGSM+0
0x0712	0x3531 ;?lstr_4_DazoGSM+2
0x0714	0x3631 ;?lstr_4_DazoGSM+4
0x0716	0x3831 ;?lstr_4_DazoGSM+6
0x0718	0x3735 ;?lstr_4_DazoGSM+8
0x071A	0x0031 ;?lstr_4_DazoGSM+10
; end of ?lstr_4_DazoGSM
;DazoGSM.c,0 :: ?lstr_3_DazoGSM
0x071C	0x3930 ;?lstr_3_DazoGSM+0
0x071E	0x3532 ;?lstr_3_DazoGSM+2
0x0720	0x3738 ;?lstr_3_DazoGSM+4
0x0722	0x3134 ;?lstr_3_DazoGSM+6
0x0724	0x3837 ;?lstr_3_DazoGSM+8
0x0726	0x0035 ;?lstr_3_DazoGSM+10
; end of ?lstr_3_DazoGSM
;DazoGSM.c,0 :: ?lstr_1_DazoGSM
0x0728	0x3930 ;?lstr_1_DazoGSM+0
0x072A	0x3532 ;?lstr_1_DazoGSM+2
0x072C	0x3738 ;?lstr_1_DazoGSM+4
0x072E	0x3134 ;?lstr_1_DazoGSM+6
0x0730	0x3837 ;?lstr_1_DazoGSM+8
0x0732	0x0035 ;?lstr_1_DazoGSM+10
; end of ?lstr_1_DazoGSM
;DazoGSM.c,0 :: ?lstr_2_DazoGSM
0x0734	0x3930 ;?lstr_2_DazoGSM+0
0x0736	0x3939 ;?lstr_2_DazoGSM+2
0x0738	0x3539 ;?lstr_2_DazoGSM+4
0x073A	0x3132 ;?lstr_2_DazoGSM+6
0x073C	0x3737 ;?lstr_2_DazoGSM+8
0x073E	0x0035 ;?lstr_2_DazoGSM+10
; end of ?lstr_2_DazoGSM
Symbol List:
//** Routines locations **
//ADDRESS    SIZE    PROCEDURE
//----------------------------------------------
0x001C      [10]    _UART1_Tx_Idle
0x0026      [10]    _UART1_Data_Ready
0x0030      [18]    _UART1_Read
0x0042      [24]    _____DoIFC
0x005A      [14]    _UART1_Write
0x0068      [60]    _strchr
0x00A4      [12]    _UART_Data_Ready
0x00B0     [104]    _strncmp
0x0118      [12]    _UART_Read
0x0124      [58]    _strlen
0x015E      [52]    _UART1_Write_Text
0x0192      [88]    _UART1_Init
0x01EA      [40]    _sendATCommand
0x0212     [220]    _sendSMS
0x02EE     [154]    _UART_Read_Text
0x0388     [124]    _strstr
0x0404      [54]    _initPorts
0x043A      [16]    ___CC2DW
0x044A     [282]    _readSMS
0x0564      [74]    _detectBO
0x05AE      [42]    _main
//** Variables locations ** 
//ADDRESS    SIZE    VARIABLE
//----------------------------------------------
0x0000       [1]    R0
0x0000       [1]    __Lib_SoftI2C_PutZerosToLATSda_temp_sda_L0
0x0000       [1]    EEPROM_Write_SaveINTCON_L0
0x0000       [1]    UART1_Init_tmp_L0
0x0000       [1]    FLASH_Erase_64_SaveINTCON_L0
0x0000       [1]    __Lib_SoftI2C_PutZerosToLATScl_temp_scl_L0
0x0000       [1]    SPI1_Write_tmp_L0
0x0001       [1]    ispunct_rslt_L0
0x0001       [1]    UART1_Read___tmp_UART1_Read_L0
0x0001       [1]    FLASH_Write_32_i_L0
0x0001       [1]    R1
0x0001       [1]    __Lib_TFT_16bit_JPEG_FileRead_i_L0
0x0001       [1]    FLASH_Erase_Write_64_i_L0
0x0001       [2]    FLASH_Read_N_Bytes_i_L0
0x0001       [1]    __Lib_TFT_JPEG_FileReadBytes_Result_L0
0x0001       [1]    __Lib_TFT_JPEG_FileRead_i_L0
0x0001       [1]    __Lib_TFT_16bit_JPEG_FileReadBytes_Result_L0
0x0001       [1]    __Lib_PS2_Wait_Falling_nsample_L0
0x0001       [1]    I2C1_Rd_tmp_L0
0x0002       [2]    strlen_cp_L0
0x0002       [2]    __Lib_USB_genHID_memset_usb_pp_L0
0x0002       [2]    memchr_s_L0
0x0002       [1]    FLASH_Erase_Write_64_j_L0
0x0002       [2]    __Lib_USB_genHID_memset_usb_int_pp_L0
0x0002       [1]    R2
0x0002       [1]    FLASH_Write_32_SaveINTCON_L0
0x0002       [2]    memset_pp_L0
0x0002       [2]    memcpy_dd_L0
0x0002       [1]    __Lib_USB_genHID_USB_CtrlTrf_Rx_Service_byteToRead_L0
0x0003       [1]    MM_Init_i_L0
0x0003       [2]    MM_TotalFreeMemSize_Tot_L0
0x0003       [2]    Ltrim_original_L0
0x0003       [1]    __Lib_USB_genHID_USB_CtrlTrf_Rx_Service_i_L0
0x0003       [2]    memmove_tt_L0
0x0003       [1]    R3
0x0003       [1]    FLASH_Erase_Write_64_SaveINTCON_L0
0x0003       [2]    __Lib_MmcFat16_f16_toInt_l_L0
0x0003       [2]    __Lib_USB_genHID_USB_CtrlTrf_Tx_Service_byteToSend_L0
0x0004       [2]    __Lib_MemManager_MM_GetMemAlign_P_L0
0x0004       [2]    __Lib_USB_genHID_USB_Transfer_Packet_handle_L0
0x0004       [2]    __Lib_USB_genHID_USB_Transfer_Packet_Int_handle_L0
0x0004       [2]    strncat_cp_L0
0x0004       [2]    __Lib_USB_genHID_USB_Get_Status_Handler_p_L2
0x0004       [2]    strncpy_cp_L0
0x0004       [2]    strcat_cp_L0
0x0004       [1]    R4
0x0004       [2]    __Lib_USB_genHID_USB_Std_Feature_Req_Handler_p_L0
0x0004       [2]    memcpy_ss_L0
0x0004       [2]    frexp_pom_L0
0x0004       [2]    strcpy_cp_L0
0x0005       [2]    __Lib_USB_genHID_USB_Configure_Endpoint_handle_L0
0x0005       [2]    memmove_ff_L0
0x0005       [1]    R5
0x0005       [2]    LongIntToHex_input_half_L0
0x0005       [2]    LongWordToHex_input_half_L0
0x0005       [1]    MM_TotalFreeMemSize_i_L0
0x0005       [2]    Ltrim_p_L0
0x0006       [1]    __Lib_MemManager_MM_GetMemAlign_i_L0
0x0006       [1]    R6
0x0007       [1]    __Lib_TFT_JPEG_GenerateHuffmanTables_bLength_L0
0x0007       [1]    R7
0x0007       [1]    __Lib_TFT_16bit_JPEG_GenerateHuffmanTables_bLength_L0
0x0008       [1]    R8
0x0008       [1]    __Lib_TFT_JPEG_GenerateHuffmanTables_bTable_L0
0x0008       [1]    __Lib_TFT_16bit_JPEG_GenerateHuffmanTables_bTable_L0
0x0009       [1]    R9
0x0009       [4]    __Lib_MmcFat16_f16_toLong_l_L0
0x000A       [1]    R10
0x000B       [1]    R11
0x000C       [1]    R12
0x000D       [1]    R13
0x000E       [1]    R14
0x000F       [1]    R15
0x0010       [1]    R16
0x0011       [1]    R17
0x0012       [1]    R18
0x0013       [1]    R19
0x0014       [1]    R20
0x0015      [17]    ?lstr6_DazoGSM
0x0026      [63]    ?lstr5_DazoGSM
0x0065      [18]    ?lstr7_DazoGSM
0x0077      [18]    ?lstr9_DazoGSM
0x0089      [64]    ?lstr8_DazoGSM
0x00C9       [4]    ?lstr18_DazoGSM
0x00CD      [17]    ?lstr19_DazoGSM
0x00DE       [2]    _BOSMSSent
0x00E0      [18]    ?lstr20_DazoGSM
0x00F2       [3]    _recepientNumber
0x00F5      [10]    ?lstr17_DazoGSM
0x00FF      [10]    ?lstr16_DazoGSM
0x0109      [12]    ?lstr15_DazoGSM
0x0115       [2]    ?lstr11_DazoGSM
0x0117      [19]    ?lstr10_DazoGSM
0x012A       [7]    ?lstr12_DazoGSM
0x0131      [20]    ?lstr14_DazoGSM
0x0145       [8]    ?lstr13_DazoGSM
0x014D       [4]    _UART_Rd_Ptr
0x0151       [4]    _UART_Wr_Ptr
0x0155       [4]    _UART_Tx_Idle_Ptr
0x0159       [4]    _UART_Rdy_Ptr
0x015D     [100]    readSMS_inStr_L0
0x01C1       [2]    readSMS_indoorError_L0
0x01C3       [2]    readSMS_indoorOn_L0
0x01C5       [2]    readSMS_indoorOff_L0
0x01C7       [2]    readSMS_outdoorError_L0
0x01C9       [2]    readSMS_outdoorOn_L0
0x01CB       [2]    readSMS_outdoorOff_L0
0x01CD       [2]    FARG_strstr_s1
0x01CD       [2]    FARG_UART_Read_Text_Output
0x01CD       [2]    FARG_sendATCommand_cmd
0x01CD       [2]    FARG_sendSMS_msg
0x01CF       [2]    sendSMS_i_L0
0x01CF       [2]    FARG_strstr_s2
0x01CF       [2]    FARG_UART_Read_Text_Delimiter
0x01D1       [1]    FARG_UART_Read_Text_Attempts
0x01D2       [1]    UART_Read_Text_r_data_L0
0x01D3       [1]    UART_Read_Text_out_idx_L0
0x01D4       [1]    UART_Read_Text_delim_idx_L0
0x01D5       [2]    FARG_strchr_ptr
0x01D5       [2]    FARG_UART1_Write_Text_uart_text
0x01D5       [2]    FARG_strncmp_s1
0x01D5       [2]    FARG_strlen_s
0x01D7       [2]    FARG_strncmp_s2
0x01D7       [1]    FARG_strchr_chr
0x01D7       [1]    UART1_Write_Text_data__L0
0x01D8       [1]    UART1_Write_Text_counter_L0
0x01D9       [1]    FARG_strncmp_len
0x01DA       [1]    FARG_UART1_Write_data_
0x0F81       [1]    PORTB
0x0F93       [1]    TRISB
0x0F94       [0]    TRISC7_bit
0x0F94       [0]    TRISC6_bit
0x0F9E       [1]    PIR1
0x0FAB       [1]    RCSTA
0x0FAC       [1]    TXSTA
0x0FAD       [1]    TXREG
0x0FAE       [1]    RCREG
0x0FAF       [1]    SPBRG
0x0FB0       [1]    SPBRGH
0x0FB8       [1]    BAUDCON
0x0FC1       [1]    ADCON1
0x0FD8       [1]    STATUS
0x0FD9       [1]    FSR2L
0x0FDA       [1]    FSR2H
0x0FDE       [1]    POSTINC2
0x0FE0       [1]    BSR
0x0FE1       [1]    FSR1L
0x0FE2       [1]    FSR1H
0x0FE4       [1]    PREINC1
0x0FE6       [1]    POSTINC1
0x0FE7       [1]    INDF1
0x0FE8       [1]    WREG
0x0FE9       [1]    FSR0L
0x0FEA       [1]    FSR0H
0x0FEE       [1]    POSTINC0
0x0FF2       [1]    INTCON
0x0FF3       [1]    PRODL
0x0FF4       [1]    PRODH
0x0FF5       [1]    TABLAT
0x0FF6       [1]    TBLPTRL
0x0FF7       [1]    TBLPTRH
0x0FF8       [1]    TBLPTRU
0x0FFD       [1]    TOSL
0x0FFE       [1]    TOSH
0x0FFF       [1]    TOSU
//** Constants locations ** 
//ADDRESS    SIZE    CONSTANT
//----------------------------------------------
0x05D8      [17]    ?ICS?lstr6_DazoGSM
0x05E9      [63]    ?ICS?lstr5_DazoGSM
0x0628      [18]    ?ICS?lstr7_DazoGSM
0x063A      [18]    ?ICS?lstr9_DazoGSM
0x064C      [64]    ?ICS?lstr8_DazoGSM
0x068C       [4]    ?ICS?lstr18_DazoGSM
0x0690      [17]    ?ICS?lstr19_DazoGSM
0x06A1       [2]    ?ICS_BOSMSSent
0x06A3      [18]    ?ICS?lstr20_DazoGSM
0x06B5       [3]    ?ICS_recepientNumber
0x06B8      [10]    ?ICS?lstr17_DazoGSM
0x06C2      [10]    ?ICS?lstr16_DazoGSM
0x06CC      [12]    ?ICS?lstr15_DazoGSM
0x06D8       [2]    ?ICS?lstr11_DazoGSM
0x06DA      [19]    ?ICS?lstr10_DazoGSM
0x06ED       [7]    ?ICS?lstr12_DazoGSM
0x06F4      [20]    ?ICS?lstr14_DazoGSM
0x0708       [8]    ?ICS?lstr13_DazoGSM
0x0710      [12]    ?lstr_4_DazoGSM
0x071C      [12]    ?lstr_3_DazoGSM
0x0728      [12]    ?lstr_1_DazoGSM
0x0734      [12]    ?lstr_2_DazoGSM
//** Label List: ** 
//----------------------------------------------
  L_main0
  L_main1
  L_main2
  L_readSMS3
  L_readSMS4
  L_readSMS5
  L_readSMS6
  L_readSMS7
  L_readSMS8
  L_readSMS9
  L_readSMS10
  L_readSMS11
  L_readSMS12
  L_readSMS13
  L_readSMS14
  L_readSMS15
  L_readSMS16
  L_readSMS17
  L_readSMS18
  L_readSMS19
  L_sendATCommand20
  L_sendSMS21
  L_sendSMS22
  L_sendSMS23
  L_sendSMS24
  L_sendSMS25
  L_sendSMS26
  L_sendSMS27
  L_sendSMS28
  L_sendSMS29
  L_sendSMS30
  L_detectBO31
  L_detectBO32
  L_detectBO33
  L_detectBO34
  L_detectBO35
  L_detectBO36
  L_detectBO37
  L__readSMS38
  L__readSMS39
  L__detectBO40
  L_end_main
  _main
  L_end_readSMS
  _readSMS
  L_end_initPorts
  _initPorts
  L_end_sendATCommand
  _sendATCommand
  L_end_sendSMS
  _sendSMS
  L__sendSMS46
  L_end_detectBO
  _detectBO
  L__detectBO48
  L_end_deleteMsgs
  _deleteMsgs
  L_memchr0
  L_memchr1
  L_memchr2
  L_memchr3
  L_memcmp4
  L_memcmp5
  L_memcmp6
  L_memcpy7
  L_memcpy8
  L_memmove9
  L_memmove10
  L_memmove11
  L_memmove12
  L_memmove13
  L_memmove14
  L_memmove15
  L_memmove16
  L_memmove17
  L_memmove18
  L_memmove19
  L_memset20
  L_memset21
  L_strcat22
  L_strcat23
  L_strcat24
  L_strcat25
  L_strchr26
  L_strchr27
  L_strchr28
  L_strchr29
  L_strcmp30
  L_strcmp31
  L_strcmp32
  L_strcmp33
  L_strcpy34
  L_strcpy35
  L_strlen36
  L_strlen37
  L_strncat38
  L_strncat39
  L_strncat40
  L_strncat41
  L_strncat42
  L_strncat43
  L_strncat44
  L_strncpy45
  L_strncpy46
  L_strncpy47
  L_strncpy48
  L_strncpy49
  L_strspn50
  L_strspn51
  L_strspn52
  L_strspn53
  L_strcspn54
  L_strcspn55
  L_strcspn56
  L_strcspn57
  L_strncmp58
  L_strncmp59
  L_strncmp60
  L_strncmp61
  L_strncmp62
  L_strpbrk63
  L_strpbrk64
  L_strpbrk65
  L_strrchr66
  L_strrchr67
  L_strrchr68
  L_strrchr69
  L_strstr70
  L_strstr71
  L_strstr72
  L_strstr73
  L_strstr74
  L_strtok75
  L_strtok76
  L_strtok77
  L_strtok78
  L_strtok79
  L__memmove80
  L__strcmp81
  L__strncat82
  L__strspn83
  L__strcspn84
  L__strncmp85
  L__strstr86
  L_end_memchr
  _memchr
  L_end_memcmp
  _memcmp
  L__memcmp89
  L_end_memcpy
  _memcpy
  L_end_memmove
  _memmove
  L__memmove92
  L__memmove93
  L_end_memset
  _memset
  L_end_strcat
  _strcat
  L_end_strchr
  _strchr
  L_end_strcmp
  _strcmp
  L_end_strcpy
  _strcpy
  L_end_strlen
  _strlen
  L_end_strncat
  _strncat
  L__strncat101
  L_end_strncpy
  _strncpy
  L_end_strspn
  _strspn
  L__strspn104
  L_end_strcspn
  _strcspn
  L__strcspn106
  L_end_strncmp
  _strncmp
  L_end_strpbrk
  _strpbrk
  L_end_strrchr
  _strrchr
  L__strrchr110
  L_end_strstr
  _strstr
  L__strstr112
  L__strstr113
  L_end_strtok
  _strtok
  L__strtok115
  _CC2D_Loop1
  _CC2DL_Loop1
  L_loopCA2AWs
  L_loopCCA2AWs
  L_loopCS2Ss
  L_CS2Send
  L_loopCCS2Ss
  L_CCS2Send
  L_loopFZinSWs
  L_longjmp7
  L_end___CC2D
  ___CC2D
  L_end___CC2DW
  ___CC2DW
  L_end___CA2AW
  ___CA2AW
  L_end___CCA2AW
  ___CCA2AW
  L_end___CS2S
  ___CS2S
  L_end___CCS2S
  ___CCS2S
  L_end___FZinS
  ___FZinS
  L_end_____DoIFC
  _____DoIFC
  L_end_Swap
  _Swap
  L_end_setjmp
  _setjmp
  L_end_longjmp
  _longjmp
  L_UART1_Init0
  L_UART1_Init1
  L_UART1_Read2
  L_UART1_Write3
  L_UART1_Write4
  L_UART1_Write_Text5
  L_UART1_Write_Text6
  L_UART1_Read_Text7
  L_UART1_Read_Text8
  L_UART1_Read_Text9
  L_UART1_Read_Text10
  L_UART1_Read_Text11
  L_UART1_Read_Text12
  L_UART1_Read_Text13
  L_UART1_Read_Text14
  L_UART1_Read_Text15
  L_UART_Write_Text16
  L_UART_Write_Text17
  L_UART_Read_Text18
  L_UART_Read_Text19
  L_UART_Read_Text20
  L_UART_Read_Text21
  L_UART_Read_Text22
  L_UART_Read_Text23
  L_UART_Read_Text24
  L_UART_Read_Text25
  L_UART_Read_Text26
  L_end_UART1_Init
  _UART1_Init
  L_end_UART1_Data_Ready
  _UART1_Data_Ready
  L_end_UART1_Read
  _UART1_Read
  L_end_UART1_Tx_Idle
  _UART1_Tx_Idle
  L_end_UART1_Write
  _UART1_Write
  L_end_UART1_Write_Text
  _UART1_Write_Text
  L_end_UART1_Read_Text
  _UART1_Read_Text
  L_end_UART_Set_Active
  _UART_Set_Active
  L_end_UART_Write
  _UART_Write
  L_end_UART_Write_Text
  _UART_Write_Text
  L_end_UART_Read
  _UART_Read
  L_end_UART_Data_Ready
  _UART_Data_Ready
  L_end_UART_Read_Text
  _UART_Read_Text
  L_end_UART_Tx_Idle
  _UART_Tx_Idle
